<?xml version="1.0" encoding="utf-8"?><testsuites name="pytest tests"><testsuite name="pytest" errors="0" failures="0" skipped="0" tests="5" time="0.032" timestamp="2026-03-27T03:05:12.421258+00:00" hostname="agent-env-67988bed-91a4-4c49-b0df-e18ce1c7d937"><testcase classname="backend.tests.test_migration_rerun_safety" name="test_create_trigger_has_drop_if_exists_before_create" time="0.003" /><testcase classname="backend.tests.test_migration_rerun_safety" name="test_no_unsafe_create_index_without_if_not_exists" time="0.001" /><testcase classname="backend.tests.test_migration_rerun_safety" name="test_no_top_level_transaction_statements_in_sql_files" time="0.009" /><testcase classname="backend.tests.test_migration_rerun_safety" name="test_startup_invokes_run_all_migrations" time="0.000" /><testcase classname="backend.tests.test_migration_rerun_safety" name="test_typescript_runner_uses_per_migration_transaction" time="0.000" /></testsuite></testsuites>